#! c:/iverilog-x64/bin/vvp
:ivl_version "10.1 (stable)" "(v10_1_1)";
:ivl_delay_selection "TYPICAL";
:vpi_time_precision + 0;
:vpi_module "system";
:vpi_module "vhdl_sys";
:vpi_module "v2005_math";
:vpi_module "va_math";
S_00000000027d2720 .scope module, "RegisterFile" "RegisterFile" 2 1;
 .timescale 0 0;
    .port_info 0 /INPUT 1 "rw"
    .port_info 1 /INPUT 5 "addr1"
    .port_info 2 /INPUT 5 "addr2"
    .port_info 3 /OUTPUT 32 "out1"
    .port_info 4 /OUTPUT 32 "out2"
    .port_info 5 /INPUT 5 "addr3"
    .port_info 6 /INPUT 32 "data3"
    .port_info 7 /INPUT 1 "clk"
L_000000000280d8e0 .functor BUFZ 32, L_000000000286e4c0, C4<00000000000000000000000000000000>, C4<00000000000000000000000000000000>, C4<00000000000000000000000000000000>;
L_00000000028b76c0 .functor BUFZ 32, L_000000000286e2e0, C4<00000000000000000000000000000000>, C4<00000000000000000000000000000000>, C4<00000000000000000000000000000000>;
v000000000280d840_0 .net *"_s0", 31 0, L_000000000286e4c0;  1 drivers
v00000000027d28a0_0 .net *"_s10", 6 0, L_000000000286e380;  1 drivers
L_000000000286f700 .functor BUFT 1, C4<00>, C4<0>, C4<0>, C4<0>;
v00000000027d2940_0 .net *"_s13", 1 0, L_000000000286f700;  1 drivers
v00000000027d29e0_0 .net *"_s2", 6 0, L_000000000286eb00;  1 drivers
L_000000000286f6b8 .functor BUFT 1, C4<00>, C4<0>, C4<0>, C4<0>;
v00000000027d2a80_0 .net *"_s5", 1 0, L_000000000286f6b8;  1 drivers
v000000000286df70_0 .net *"_s8", 31 0, L_000000000286e2e0;  1 drivers
o0000000002816398 .functor BUFZ 5, C4<zzzzz>; HiZ drive
v000000000286e010_0 .net "addr1", 4 0, o0000000002816398;  0 drivers
o00000000028163c8 .functor BUFZ 5, C4<zzzzz>; HiZ drive
v000000000286e0b0_0 .net "addr2", 4 0, o00000000028163c8;  0 drivers
o00000000028163f8 .functor BUFZ 5, C4<zzzzz>; HiZ drive
v000000000286e150_0 .net "addr3", 4 0, o00000000028163f8;  0 drivers
o0000000002816428 .functor BUFZ 1, C4<z>; HiZ drive
v000000000286e1f0_0 .net "clk", 0 0, o0000000002816428;  0 drivers
o0000000002816458 .functor BUFZ 32, C4<zzzzzzzzzzzzzzzzzzzzzzzzzzzzzzzz>; HiZ drive
v000000000286f000_0 .net "data3", 31 0, o0000000002816458;  0 drivers
v000000000286ee20_0 .net "out1", 31 0, L_000000000280d8e0;  1 drivers
v000000000286e600_0 .net "out2", 31 0, L_00000000028b76c0;  1 drivers
v000000000286f0a0 .array "regmem", 0 31, 31 0;
o00000000028164e8 .functor BUFZ 1, C4<z>; HiZ drive
v000000000286ece0_0 .net "rw", 0 0, o00000000028164e8;  0 drivers
E_0000000002812ab0 .event edge, v000000000286e1f0_0;
L_000000000286e4c0 .array/port v000000000286f0a0, L_000000000286eb00;
L_000000000286eb00 .concat [ 5 2 0 0], o0000000002816398, L_000000000286f6b8;
L_000000000286e2e0 .array/port v000000000286f0a0, L_000000000286e380;
L_000000000286e380 .concat [ 5 2 0 0], o00000000028163c8, L_000000000286f700;
    .scope S_00000000027d2720;
T_0 ;
    %pushi/vec4 2, 0, 32;
    %ix/load 4, 0, 0;
    %flag_set/imm 4, 0;
    %store/vec4a v000000000286f0a0, 4, 0;
    %pushi/vec4 1, 0, 32;
    %ix/load 4, 1, 0;
    %flag_set/imm 4, 0;
    %store/vec4a v000000000286f0a0, 4, 0;
    %pushi/vec4 8, 0, 32;
    %ix/load 4, 2, 0;
    %flag_set/imm 4, 0;
    %store/vec4a v000000000286f0a0, 4, 0;
    %pushi/vec4 6, 0, 32;
    %ix/load 4, 3, 0;
    %flag_set/imm 4, 0;
    %store/vec4a v000000000286f0a0, 4, 0;
    %pushi/vec4 64, 0, 32;
    %ix/load 4, 4, 0;
    %flag_set/imm 4, 0;
    %store/vec4a v000000000286f0a0, 4, 0;
    %pushi/vec4 32, 0, 32;
    %ix/load 4, 5, 0;
    %flag_set/imm 4, 0;
    %store/vec4a v000000000286f0a0, 4, 0;
    %pushi/vec4 16, 0, 32;
    %ix/load 4, 6, 0;
    %flag_set/imm 4, 0;
    %store/vec4a v000000000286f0a0, 4, 0;
    %pushi/vec4 512, 0, 32;
    %ix/load 4, 7, 0;
    %flag_set/imm 4, 0;
    %store/vec4a v000000000286f0a0, 4, 0;
    %pushi/vec4 128, 0, 32;
    %ix/load 4, 8, 0;
    %flag_set/imm 4, 0;
    %store/vec4a v000000000286f0a0, 4, 0;
    %pushi/vec4 32, 0, 32;
    %ix/load 4, 9, 0;
    %flag_set/imm 4, 0;
    %store/vec4a v000000000286f0a0, 4, 0;
    %pushi/vec4 1024, 0, 32;
    %ix/load 4, 10, 0;
    %flag_set/imm 4, 0;
    %store/vec4a v000000000286f0a0, 4, 0;
    %pushi/vec4 256, 0, 32;
    %ix/load 4, 11, 0;
    %flag_set/imm 4, 0;
    %store/vec4a v000000000286f0a0, 4, 0;
    %pushi/vec4 18, 0, 32;
    %ix/load 4, 12, 0;
    %flag_set/imm 4, 0;
    %store/vec4a v000000000286f0a0, 4, 0;
    %pushi/vec4 160, 0, 32;
    %ix/load 4, 13, 0;
    %flag_set/imm 4, 0;
    %store/vec4a v000000000286f0a0, 4, 0;
    %pushi/vec4 56, 0, 32;
    %ix/load 4, 14, 0;
    %flag_set/imm 4, 0;
    %store/vec4a v000000000286f0a0, 4, 0;
    %pushi/vec4 1600, 0, 32;
    %ix/load 4, 15, 0;
    %flag_set/imm 4, 0;
    %store/vec4a v000000000286f0a0, 4, 0;
    %pushi/vec4 32, 0, 32;
    %ix/load 4, 16, 0;
    %flag_set/imm 4, 0;
    %store/vec4a v000000000286f0a0, 4, 0;
    %pushi/vec4 16, 0, 32;
    %ix/load 4, 17, 0;
    %flag_set/imm 4, 0;
    %store/vec4a v000000000286f0a0, 4, 0;
    %pushi/vec4 160, 0, 32;
    %ix/load 4, 18, 0;
    %flag_set/imm 4, 0;
    %store/vec4a v000000000286f0a0, 4, 0;
    %pushi/vec4 64, 0, 32;
    %ix/load 4, 19, 0;
    %flag_set/imm 4, 0;
    %store/vec4a v000000000286f0a0, 4, 0;
    %pushi/vec4 320, 0, 32;
    %ix/load 4, 20, 0;
    %flag_set/imm 4, 0;
    %store/vec4a v000000000286f0a0, 4, 0;
    %pushi/vec4 8192, 0, 32;
    %ix/load 4, 21, 0;
    %flag_set/imm 4, 0;
    %store/vec4a v000000000286f0a0, 4, 0;
    %pushi/vec4 4096, 0, 32;
    %ix/load 4, 22, 0;
    %flag_set/imm 4, 0;
    %store/vec4a v000000000286f0a0, 4, 0;
    %pushi/vec4 2048, 0, 32;
    %ix/load 4, 23, 0;
    %flag_set/imm 4, 0;
    %store/vec4a v000000000286f0a0, 4, 0;
    %pushi/vec4 33024, 0, 32;
    %ix/load 4, 24, 0;
    %flag_set/imm 4, 0;
    %store/vec4a v000000000286f0a0, 4, 0;
    %pushi/vec4 51200, 0, 32;
    %ix/load 4, 25, 0;
    %flag_set/imm 4, 0;
    %store/vec4a v000000000286f0a0, 4, 0;
    %pushi/vec4 256, 0, 32;
    %ix/load 4, 26, 0;
    %flag_set/imm 4, 0;
    %store/vec4a v000000000286f0a0, 4, 0;
    %pushi/vec4 18432, 0, 32;
    %ix/load 4, 27, 0;
    %flag_set/imm 4, 0;
    %store/vec4a v000000000286f0a0, 4, 0;
    %pushi/vec4 2112, 0, 32;
    %ix/load 4, 28, 0;
    %flag_set/imm 4, 0;
    %store/vec4a v000000000286f0a0, 4, 0;
    %pushi/vec4 272, 0, 32;
    %ix/load 4, 29, 0;
    %flag_set/imm 4, 0;
    %store/vec4a v000000000286f0a0, 4, 0;
    %pushi/vec4 663552, 0, 32;
    %ix/load 4, 30, 0;
    %flag_set/imm 4, 0;
    %store/vec4a v000000000286f0a0, 4, 0;
    %pushi/vec4 67936, 0, 32;
    %ix/load 4, 31, 0;
    %flag_set/imm 4, 0;
    %store/vec4a v000000000286f0a0, 4, 0;
    %end;
    .thread T_0;
    .scope S_00000000027d2720;
T_1 ;
    %wait E_0000000002812ab0;
    %load/vec4 v000000000286ece0_0;
    %cmpi/e 1, 0, 1;
    %jmp/0xz  T_1.0, 4;
    %load/vec4 v000000000286f000_0;
    %load/vec4 v000000000286e150_0;
    %pad/u 7;
    %ix/vec4 4;
    %store/vec4a v000000000286f0a0, 4, 0;
T_1.0 ;
    %jmp T_1;
    .thread T_1, $push;
# The file index is used to find the file name in the following table.
:file_names 3;
    "N/A";
    "<interactive>";
    "registerfile.v";
